INFO:  latexindent.pl version 3.23.6, 2024-01-17, a script to indent .tex files
       latexindent.pl lives here: C:/Users/Benjamin/AppData/Local/Programs/MiKTeX/scripts/latexindent/
       Sun Apr  7 20:20:26 2024
       Filename: c:/Users/Benjamin/Desktop/St Andrews Files/2023 - 2024 S2/CS4202-Practical-2/Report/Main Sections/__latexindent_temp_03aFindingsFullTraces.tex
INFO:  Processing switches:
       -y|--yaml: YAML settings specified via command line
       -c|--cruft: cruft directory
INFO:  Directory for backup files and c:/Users/Benjamin/Desktop/St Andrews Files/2023 - 2024 S2/CS4202-Practical-2/Report//indent.log:
       c:/Users/Benjamin/Desktop/St Andrews Files/2023 - 2024 S2/CS4202-Practical-2/Report/
INFO:  Perl modules are being loaded from the following directories:
       H:/ProgramData/Strawberry/perl/lib/FindBin.pm
       H:/ProgramData/Strawberry/perl/vendor/lib/YAML/Tiny.pm
       H:/ProgramData/Strawberry/perl/lib/File/Copy.pm
       H:/ProgramData/Strawberry/perl/lib/File/Basename.pm
       H:/ProgramData/Strawberry/perl/lib/Getopt/Long.pm
       H:/ProgramData/Strawberry/perl/vendor/lib/File/HomeDir.pm
INFO:  LatexIndent perl modules are being loaded from, for example:
       C:/Users/Benjamin/AppData/Local/Programs/MiKTeX/scripts/latexindent/LatexIndent/Document.pm
INFO:  YAML settings read: defaultSettings.yaml
       Reading defaultSettings.yaml from C:/Users/Benjamin/AppData/Local/Programs/MiKTeX/scripts/latexindent/defaultSettings.yaml
INFO:  YAML reading settings
       Home directory is C:\Users\Benjamin
       latexindent.pl didn't find indentconfig.yaml or .indentconfig.yaml
       see all possible locations: https://latexindentpl.readthedocs.io/en/latest/sec-appendices.html#indentconfig-options)
INFO:  YAML settings read: -y switch
       YAML setting: defaultIndent:'    '
       single-quoted string found in -y switch: '    ', substitute to     
       Updating mainSettings with defaultIndent:     
INFO:  Phase 1: searching for objects
INFO:  Phase 2: finding surrounding indentation
INFO:  Phase 3: indenting objects
INFO:  Phase 4: final indentation check
INFO:  Output routine:
       Not outputting to file; see -w and -o switches for more options.
       --------------
INFO:  Please direct all communication/issues to:
        https://github.com/cmhughes/latexindent.pl
