00007f34fe3762b3 00007f34fe377050 c 1 0 1
00007f34fe3770a9 00007f34fe377148 b 1 1 0
00007f34fe3770de 00007f34fe3770fa b 1 0 1
00007f34fe3770fe 00007f34fe3770e9 b 1 1 1
00007f34fe3770f8 00007f34fe377148 b 1 1 0
00007f34fe3770fe 00007f34fe3770e9 b 1 1 1
00007f34fe3770f8 00007f34fe377148 b 1 1 0
00007f34fe3770fe 00007f34fe3770e9 b 1 1 0
00007f34fe37710a 00007f34fe3770e0 b 1 1 0
00007f34fe377118 00007f34fe377128 b 1 1 1
00007f34fe377132 00007f34fe3775f0 b 1 1 1
00007f34fe3775fa 00007f34fe3770ed b 1 1 0
00007f34fe377609 00007f34fe3770e9 b 1 0 1
00007f34fe3770f8 00007f34fe377148 b 1 1 0
00007f34fe3770fe 00007f34fe3770e9 b 1 1 1
00007f34fe3770f8 00007f34fe377148 b 1 1 0
00007f34fe3770fe 00007f34fe3770e9 b 1 1 1
00007f34fe3770f8 00007f34fe377148 b 1 1 0
00007f34fe3770fe 00007f34fe3770e9 b 1 1 1
00007f34fe3770f8 00007f34fe377148 b 1 1 0
00007f34fe3770fe 00007f34fe3770e9 b 1 1 1
00007f34fe3770f8 00007f34fe377148 b 1 1 0
00007f34fe3770fe 00007f34fe3770e9 b 1 1 1
00007f34fe3770f8 00007f34fe377148 b 1 1 0
00007f34fe3770fe 00007f34fe3770e9 b 1 1 1
00007f34fe3770f8 00007f34fe377148 b 1 1 0
00007f34fe3770fe 00007f34fe3770e9 b 1 1 1
00007f34fe3770f8 00007f34fe377148 b 1 1 0
00007f34fe3770fe 00007f34fe3770e9 b 1 1 1
00007f34fe3770f8 00007f34fe377148 b 1 1 0
00007f34fe3770fe 00007f34fe3770e9 b 1 1 1
00007f34fe3770f8 00007f34fe377148 b 1 1 0
00007f34fe3770fe 00007f34fe3770e9 b 1 1 1
00007f34fe3770f8 00007f34fe377148 b 1 1 0
00007f34fe3770fe 00007f34fe3770e9 b 1 1 1
00007f34fe3770f8 00007f34fe377148 b 1 1 0
00007f34fe3770fe 00007f34fe3770e9 b 1 1 0
00007f34fe37710a 00007f34fe3770e0 b 1 1 1
00007f34fe3770f8 00007f34fe377148 b 1 1 0
00007f34fe3770fe 00007f34fe3770e9 b 1 1 0
00007f34fe37710a 00007f34fe3770e0 b 1 1 1
00007f34fe3770f8 00007f34fe377148 b 1 1 0
00007f34fe3770fe 00007f34fe3770e9 b 1 1 0
00007f34fe37710a 00007f34fe3770e0 b 1 1 1
00007f34fe3770f8 00007f34fe377148 b 1 1 0
00007f34fe3770fe 00007f34fe3770e9 b 1 1 0
00007f34fe37710a 00007f34fe3770e0 b 1 1 1
00007f34fe3770f8 00007f34fe377148 b 1 1 1
00007f34fe377154 00007f34fe3771da b 1 1 0
00007f34fe377164 00007f34fe37716a b 1 1 0
00007f34fe377174 00007f34fe37717a b 1 1 0
00007f34fe377184 00007f34fe37718a b 1 1 0
00007f34fe377194 00007f34fe37719a b 1 1 0
00007f34fe3771a4 00007f34fe3771aa b 1 1 0
00007f34fe3771b4 00007f34fe3771ba b 1 1 0
00007f34fe3771c4 00007f34fe3771ca b 1 1 0
00007f34fe3771d4 00007f34fe3771da b 1 1 0
00007f34fe3771e4 00007f34fe3771f1 b 1 1 0
00007f34fe3771eb 00007f34fe37773a b 1 1 0
00007f34fe3771fb 00007f34fe37720f b 1 1 0
00007f34fe377209 00007f34fe3776dd b 1 1 0
00007f34fe377217 00007f34fe3776be b 1 1 0
00007f34fe377225 00007f34fe37769f b 1 1 0
00007f34fe377235 00007f34fe377245 b 1 1 1
00007f34fe37724f 00007f34fe37725f b 1 1 1
00007f34fe37727d 00007f34fe377630 b 1 1 0
00007f34fe3772bd 00007f34fe3772c7 b 1 1 0
00007f34fe3772ca 00007f34fe37730e b 1 1 0
00007f34fe3772fb 00007f34fe37761a b 1 1 0
00007f34fe377304 00007f34fe37760e b 1 1 1
00007f34fe377615 00007f34fe37730e b 1 0 1
00007f34fe377356 00007f34fe377383 b 1 1 0
00007f34fe37736a 00007f34fe377661 b 1 1 0
00007f34fe377381 00007f34fe377360 b 1 1 1
00007f34fe37736a 00007f34fe377661 b 1 1 0
00007f34fe377381 00007f34fe377360 b 1 1 1
00007f34fe37736a 00007f34fe377661 b 1 1 0
00007f34fe377381 00007f34fe377360 b 1 1 1
00007f34fe37736a 00007f34fe377661 b 1 1 0
00007f34fe377381 00007f34fe377360 b 1 1 1
00007f34fe37736a 00007f34fe377661 b 1 1 0
00007f34fe377381 00007f34fe377360 b 1 1 1
00007f34fe37736a 00007f34fe377661 b 1 1 0
00007f34fe377381 00007f34fe377360 b 1 1 1
00007f34fe37736a 00007f34fe377661 b 1 1 0
00007f34fe377381 00007f34fe377360 b 1 1 1
00007f34fe37736a 00007f34fe377661 b 1 1 0
00007f34fe377381 00007f34fe377360 b 1 1 1
00007f34fe37736a 00007f34fe377661 b 1 1 0
00007f34fe377381 00007f34fe377360 b 1 1 1
00007f34fe37736a 00007f34fe377661 b 1 1 0
00007f34fe377381 00007f34fe377360 b 1 1 1
00007f34fe37736a 00007f34fe377661 b 1 1 0
00007f34fe377381 00007f34fe377360 b 1 1 1
00007f34fe37736a 00007f34fe377661 b 1 1 0
00007f34fe377381 00007f34fe377360 b 1 1 1
00007f34fe37736a 00007f34fe377661 b 1 1 0
00007f34fe377381 00007f34fe377360 b 1 1 1
00007f34fe37736a 00007f34fe377661 b 1 1 0
00007f34fe377381 00007f34fe377360 b 1 1 1